<?xml version="1.0" encoding="UTF-8"?>
<testng-results ignored="0" total="11" passed="11" failed="0" skipped="0">
  <reporter-output>
  </reporter-output>
  <suite started-at="2024-04-09T11:01:55 IST" name="Suite" finished-at="2024-04-09T11:03:26 IST" duration-ms="91246">
    <groups>
      <group name="regression">
        <method signature="TC_05.endToEnd()[pri:0, instance:testCases.TC_05@1e66f1f5]" name="endToEnd" class="testCases.TC_05"/>
      </group> <!-- regression -->
      <group name="Regression">
        <method signature="TC_01.checkDoctorDetials()[pri:2, instance:testCases.TC_01@305b7c14]" name="checkDoctorDetials" class="testCases.TC_01"/>
        <method signature="TC_02.printSurgeries()[pri:4, instance:testCases.TC_02@3c3d9b6b]" name="printSurgeries" class="testCases.TC_02"/>
        <method signature="TC_03.validateForm_Invalid_Detials()[pri:6, instance:testCases.TC_03@79d8407f]" name="validateForm_Invalid_Detials" class="testCases.TC_03"/>
        <method signature="TC_04.validateForm_Valid_Detials()[pri:8, instance:testCases.TC_04@5fbe4146]" name="validateForm_Valid_Detials" class="testCases.TC_04"/>
      </group> <!-- Regression -->
      <group name="smoke">
        <method signature="TC_05.endToEnd()[pri:0, instance:testCases.TC_05@1e66f1f5]" name="endToEnd" class="testCases.TC_05"/>
        <method signature="TC_01.checkUrl()[pri:1, instance:testCases.TC_01@305b7c14]" name="checkUrl" class="testCases.TC_01"/>
        <method signature="TC_01.checkLocations()[pri:0, instance:testCases.TC_01@305b7c14]" name="checkLocations" class="testCases.TC_01"/>
        <method signature="TC_01.checkSpecialist()[pri:0, instance:testCases.TC_01@305b7c14]" name="checkSpecialist" class="testCases.TC_01"/>
        <method signature="TC_02.checkSurgiersPageOpened()[pri:3, instance:testCases.TC_02@3c3d9b6b]" name="checkSurgiersPageOpened" class="testCases.TC_02"/>
        <method signature="TC_03.checkDemoPageOpened()[pri:5, instance:testCases.TC_03@79d8407f]" name="checkDemoPageOpened" class="testCases.TC_03"/>
        <method signature="TC_04.checkDemoPageOpened()[pri:7, instance:testCases.TC_04@5fbe4146]" name="checkDemoPageOpened" class="testCases.TC_04"/>
      </group> <!-- smoke -->
    </groups>
    <test started-at="2024-04-09T11:01:55 IST" name="Test" finished-at="2024-04-09T11:03:26 IST" duration-ms="91246">
      <class name="testCases.TC_02">
        <test-method is-config="true" signature="setup(java.lang.String,java.lang.String)[pri:0, instance:testCases.TC_02@3c3d9b6b]" started-at="2024-04-09T11:02:23 IST" name="setup" finished-at="2024-04-09T11:02:27 IST" duration-ms="4093" status="PASS">
          <params>
            <param index="0">
              <value>
                <![CDATA[windows]]>
              </value>
            </param>
            <param index="1">
              <value>
                <![CDATA[chrome]]>
              </value>
            </param>
          </params>
          <reporter-output>
          </reporter-output>
        </test-method> <!-- setup -->
        <test-method signature="checkSurgiersPageOpened()[pri:3, instance:testCases.TC_02@3c3d9b6b]" started-at="2024-04-09T11:02:27 IST" name="checkSurgiersPageOpened" finished-at="2024-04-09T11:02:29 IST" duration-ms="1818" status="PASS">
          <reporter-output>
          </reporter-output>
        </test-method> <!-- checkSurgiersPageOpened -->
        <test-method signature="printSurgeries()[pri:4, instance:testCases.TC_02@3c3d9b6b]" started-at="2024-04-09T11:02:29 IST" name="printSurgeries" finished-at="2024-04-09T11:02:30 IST" depends-on-methods="testCases.TC_02.checkSurgiersPageOpened" duration-ms="549" status="PASS">
          <reporter-output>
          </reporter-output>
        </test-method> <!-- printSurgeries -->
        <test-method is-config="true" signature="tearDown()[pri:0, instance:testCases.TC_02@3c3d9b6b]" started-at="2024-04-09T11:02:30 IST" name="tearDown" finished-at="2024-04-09T11:02:31 IST" duration-ms="1150" status="PASS">
          <reporter-output>
          </reporter-output>
        </test-method> <!-- tearDown -->
      </class> <!-- testCases.TC_02 -->
      <class name="testCases.TC_01">
        <test-method is-config="true" signature="setup(java.lang.String,java.lang.String)[pri:0, instance:testCases.TC_01@305b7c14]" started-at="2024-04-09T11:01:55 IST" name="setup" finished-at="2024-04-09T11:02:02 IST" duration-ms="6315" status="PASS">
          <params>
            <param index="0">
              <value>
                <![CDATA[windows]]>
              </value>
            </param>
            <param index="1">
              <value>
                <![CDATA[chrome]]>
              </value>
            </param>
          </params>
          <reporter-output>
          </reporter-output>
        </test-method> <!-- setup -->
        <test-method signature="checkUrl()[pri:1, instance:testCases.TC_01@305b7c14]" started-at="2024-04-09T11:02:02 IST" name="checkUrl" finished-at="2024-04-09T11:02:02 IST" duration-ms="306" status="PASS">
          <reporter-output>
          </reporter-output>
        </test-method> <!-- checkUrl -->
        <test-method signature="checkLocations()[pri:0, instance:testCases.TC_01@305b7c14]" started-at="2024-04-09T11:02:02 IST" name="checkLocations" finished-at="2024-04-09T11:02:08 IST" depends-on-methods="testCases.TC_01.checkUrl" duration-ms="6534" status="PASS">
          <reporter-output>
          </reporter-output>
        </test-method> <!-- checkLocations -->
        <test-method signature="checkSpecialist()[pri:0, instance:testCases.TC_01@305b7c14]" started-at="2024-04-09T11:02:08 IST" name="checkSpecialist" finished-at="2024-04-09T11:02:09 IST" depends-on-methods="testCases.TC_01.checkUrl" duration-ms="202" status="PASS">
          <reporter-output>
          </reporter-output>
        </test-method> <!-- checkSpecialist -->
        <test-method signature="checkDoctorDetials()[pri:2, instance:testCases.TC_01@305b7c14]" started-at="2024-04-09T11:02:09 IST" name="checkDoctorDetials" finished-at="2024-04-09T11:02:22 IST" depends-on-methods="testCases.TC_01.checkLocations, testCases.TC_01.checkSpecialist" duration-ms="13333" status="PASS">
          <reporter-output>
          </reporter-output>
        </test-method> <!-- checkDoctorDetials -->
        <test-method is-config="true" signature="tearDown()[pri:0, instance:testCases.TC_01@305b7c14]" started-at="2024-04-09T11:02:22 IST" name="tearDown" finished-at="2024-04-09T11:02:23 IST" duration-ms="1104" status="PASS">
          <reporter-output>
          </reporter-output>
        </test-method> <!-- tearDown -->
      </class> <!-- testCases.TC_01 -->
      <class name="testCases.TC_04">
        <test-method is-config="true" signature="setup(java.lang.String,java.lang.String)[pri:0, instance:testCases.TC_04@5fbe4146]" started-at="2024-04-09T11:02:43 IST" name="setup" finished-at="2024-04-09T11:02:47 IST" duration-ms="3785" status="PASS">
          <params>
            <param index="0">
              <value>
                <![CDATA[windows]]>
              </value>
            </param>
            <param index="1">
              <value>
                <![CDATA[chrome]]>
              </value>
            </param>
          </params>
          <reporter-output>
          </reporter-output>
        </test-method> <!-- setup -->
        <test-method signature="checkDemoPageOpened()[pri:7, instance:testCases.TC_04@5fbe4146]" started-at="2024-04-09T11:02:47 IST" name="checkDemoPageOpened" finished-at="2024-04-09T11:02:53 IST" duration-ms="5774" status="PASS">
          <reporter-output>
          </reporter-output>
        </test-method> <!-- checkDemoPageOpened -->
        <test-method signature="validateForm_Valid_Detials()[pri:8, instance:testCases.TC_04@5fbe4146]" started-at="2024-04-09T11:02:53 IST" name="validateForm_Valid_Detials" finished-at="2024-04-09T11:02:54 IST" depends-on-methods="testCases.TC_04.checkDemoPageOpened" duration-ms="1206" status="PASS">
          <reporter-output>
          </reporter-output>
        </test-method> <!-- validateForm_Valid_Detials -->
        <test-method is-config="true" signature="tearDown()[pri:0, instance:testCases.TC_04@5fbe4146]" started-at="2024-04-09T11:02:54 IST" name="tearDown" finished-at="2024-04-09T11:02:55 IST" duration-ms="1122" status="PASS">
          <reporter-output>
          </reporter-output>
        </test-method> <!-- tearDown -->
      </class> <!-- testCases.TC_04 -->
      <class name="testCases.TC_03">
        <test-method is-config="true" signature="setup(java.lang.String,java.lang.String)[pri:0, instance:testCases.TC_03@79d8407f]" started-at="2024-04-09T11:02:31 IST" name="setup" finished-at="2024-04-09T11:02:35 IST" duration-ms="4477" status="PASS">
          <params>
            <param index="0">
              <value>
                <![CDATA[windows]]>
              </value>
            </param>
            <param index="1">
              <value>
                <![CDATA[chrome]]>
              </value>
            </param>
          </params>
          <reporter-output>
          </reporter-output>
        </test-method> <!-- setup -->
        <test-method signature="checkDemoPageOpened()[pri:5, instance:testCases.TC_03@79d8407f]" started-at="2024-04-09T11:02:35 IST" name="checkDemoPageOpened" finished-at="2024-04-09T11:02:41 IST" duration-ms="5809" status="PASS">
          <reporter-output>
          </reporter-output>
        </test-method> <!-- checkDemoPageOpened -->
        <test-method signature="validateForm_Invalid_Detials()[pri:6, instance:testCases.TC_03@79d8407f]" started-at="2024-04-09T11:02:41 IST" name="validateForm_Invalid_Detials" finished-at="2024-04-09T11:02:42 IST" depends-on-methods="testCases.TC_03.checkDemoPageOpened" duration-ms="801" status="PASS">
          <reporter-output>
          </reporter-output>
        </test-method> <!-- validateForm_Invalid_Detials -->
        <test-method is-config="true" signature="tearDown()[pri:0, instance:testCases.TC_03@79d8407f]" started-at="2024-04-09T11:02:42 IST" name="tearDown" finished-at="2024-04-09T11:02:43 IST" duration-ms="1126" status="PASS">
          <reporter-output>
          </reporter-output>
        </test-method> <!-- tearDown -->
      </class> <!-- testCases.TC_03 -->
      <class name="testCases.TC_05">
        <test-method is-config="true" signature="setup(java.lang.String,java.lang.String)[pri:0, instance:testCases.TC_05@1e66f1f5]" started-at="2024-04-09T11:02:55 IST" name="setup" finished-at="2024-04-09T11:02:59 IST" duration-ms="3775" status="PASS">
          <params>
            <param index="0">
              <value>
                <![CDATA[windows]]>
              </value>
            </param>
            <param index="1">
              <value>
                <![CDATA[chrome]]>
              </value>
            </param>
          </params>
          <reporter-output>
          </reporter-output>
        </test-method> <!-- setup -->
        <test-method signature="endToEnd()[pri:0, instance:testCases.TC_05@1e66f1f5]" started-at="2024-04-09T11:02:59 IST" name="endToEnd" finished-at="2024-04-09T11:03:25 IST" duration-ms="26495" status="PASS">
          <reporter-output>
          </reporter-output>
        </test-method> <!-- endToEnd -->
        <test-method is-config="true" signature="tearDown()[pri:0, instance:testCases.TC_05@1e66f1f5]" started-at="2024-04-09T11:03:25 IST" name="tearDown" finished-at="2024-04-09T11:03:26 IST" duration-ms="1119" status="PASS">
          <reporter-output>
          </reporter-output>
        </test-method> <!-- tearDown -->
      </class> <!-- testCases.TC_05 -->
    </test> <!-- Test -->
  </suite> <!-- Suite -->
</testng-results>
